This is pdfTeX, Version 3.141592653-2.6-1.40.24 (TeX Live 2022) (preloaded format=pdflatex 2023.1.30)  20 MAY 2023 08:25
entering extended mode
 restricted \write18 enabled.
 file:line:error style messages enabled.
 %&-line parsing enabled.
**/Users/brianliu03/Documents/Stats2023/data-project/sfevictions.tex
(/Users/brianliu03/Documents/Stats2023/data-project/sfevictions.tex
LaTeX2e <2021-11-15> patch level 1
L3 programming layer <2022-02-24> (/usr/local/texlive/2022/texmf-dist/tex/latex/base/article.cls
Document Class: article 2021/10/04 v1.4n Standard LaTeX document class
(/usr/local/texlive/2022/texmf-dist/tex/latex/base/size10.clo
File: size10.clo 2021/10/04 v1.4n Standard LaTeX file (size option)
)
\c@part=\count185
\c@section=\count186
\c@subsection=\count187
\c@subsubsection=\count188
\c@paragraph=\count189
\c@subparagraph=\count190
\c@figure=\count191
\c@table=\count192
\abovecaptionskip=\skip47
\belowcaptionskip=\skip48
\bibindent=\dimen138
) (/usr/local/texlive/2022/texmf-dist/tex/latex/graphics/graphicx.sty
Package: graphicx 2021/09/16 v1.2d Enhanced LaTeX Graphics (DPC,SPQR)
 (/usr/local/texlive/2022/texmf-dist/tex/latex/graphics/keyval.sty
Package: keyval 2014/10/28 v1.15 key=value parser (DPC)
\KV@toks@=\toks16
) (/usr/local/texlive/2022/texmf-dist/tex/latex/graphics/graphics.sty
Package: graphics 2021/03/04 v1.4d Standard LaTeX Graphics (DPC,SPQR)
 (/usr/local/texlive/2022/texmf-dist/tex/latex/graphics/trig.sty
Package: trig 2021/08/11 v1.11 sin cos tan (DPC)
) (/usr/local/texlive/2022/texmf-dist/tex/latex/graphics-cfg/graphics.cfg
File: graphics.cfg 2016/06/04 v1.11 sample graphics configuration
)
Package graphics Info: Driver file: pdftex.def on input line 107.
 (/usr/local/texlive/2022/texmf-dist/tex/latex/graphics-def/pdftex.def
File: pdftex.def 2020/10/05 v1.2a Graphics/color driver for pdftex
))
\Gin@req@height=\dimen139
\Gin@req@width=\dimen140
) (/usr/local/texlive/2022/texmf-dist/tex/latex/xcolor/xcolor.sty
Package: xcolor 2021/10/31 v2.13 LaTeX color extensions (UK)
 (/usr/local/texlive/2022/texmf-dist/tex/latex/graphics-cfg/color.cfg
File: color.cfg 2016/01/02 v1.6 sample color configuration
)
Package xcolor Info: Driver file: pdftex.def on input line 227.
Package xcolor Info: Model `cmy' substituted by `cmy0' on input line 1352.
Package xcolor Info: Model `hsb' substituted by `rgb' on input line 1356.
Package xcolor Info: Model `RGB' extended on input line 1368.
Package xcolor Info: Model `HTML' substituted by `rgb' on input line 1370.
Package xcolor Info: Model `Hsb' substituted by `hsb' on input line 1371.
Package xcolor Info: Model `tHsb' substituted by `hsb' on input line 1372.
Package xcolor Info: Model `HSB' substituted by `hsb' on input line 1373.
Package xcolor Info: Model `Gray' substituted by `gray' on input line 1374.
Package xcolor Info: Model `wave' substituted by `hsb' on input line 1375.
) (/usr/local/texlive/2022/texmf-dist/tex/latex/framed/framed.sty
Package: framed 2011/10/22 v 0.96: framed or shaded text with page breaks
\OuterFrameSep=\skip49
\fb@frw=\dimen141
\fb@frh=\dimen142
\FrameRule=\dimen143
\FrameSep=\dimen144
) (/usr/local/texlive/2022/texmf-dist/tex/latex/base/alltt.sty
Package: alltt 2021/01/29 v2.0g defines alltt environment
) (/usr/local/texlive/2022/texmf-dist/tex/latex/base/inputenc.sty
Package: inputenc 2021/02/14 v1.3d Input encoding file
\inpenc@prehook=\toks17
\inpenc@posthook=\toks18
) (/usr/local/texlive/2022/texmf-dist/tex/latex/parskip/parskip.sty
Package: parskip 2021-03-14 v2.0h non-zero parskip adjustments
 (/usr/local/texlive/2022/texmf-dist/tex/latex/kvoptions/kvoptions.sty
Package: kvoptions 2020-10-07 v3.14 Key value format for package options (HO)
 (/usr/local/texlive/2022/texmf-dist/tex/generic/ltxcmds/ltxcmds.sty
Package: ltxcmds 2020-05-10 v1.25 LaTeX kernel commands for general use (HO)
) (/usr/local/texlive/2022/texmf-dist/tex/generic/kvsetkeys/kvsetkeys.sty
Package: kvsetkeys 2019/12/15 v1.18 Key value parser (HO)
)) (/usr/local/texlive/2022/texmf-dist/tex/latex/etoolbox/etoolbox.sty
Package: etoolbox 2020/10/05 v2.5k e-TeX tools for LaTeX (JAW)
\etb@tempcnta=\count193
)) (/usr/local/texlive/2022/texmf-dist/tex/latex/geometry/geometry.sty
Package: geometry 2020/01/02 v5.9 Page Geometry
 (/usr/local/texlive/2022/texmf-dist/tex/generic/iftex/ifvtex.sty
Package: ifvtex 2019/10/25 v1.7 ifvtex legacy package. Use iftex instead.
 (/usr/local/texlive/2022/texmf-dist/tex/generic/iftex/iftex.sty
Package: iftex 2022/02/03 v1.0f TeX engine tests
))
\Gm@cnth=\count194
\Gm@cntv=\count195
\c@Gm@tempcnt=\count196
\Gm@bindingoffset=\dimen145
\Gm@wd@mp=\dimen146
\Gm@odd@mp=\dimen147
\Gm@even@mp=\dimen148
\Gm@layoutwidth=\dimen149
\Gm@layoutheight=\dimen150
\Gm@layouthoffset=\dimen151
\Gm@layoutvoffset=\dimen152
\Gm@dimlist=\toks19
) (/usr/local/texlive/2022/texmf-dist/tex/latex/amsmath/amsmath.sty
Package: amsmath 2021/10/15 v2.17l AMS math features
\@mathmargin=\skip50

For additional information on amsmath, use the `?' option.
(/usr/local/texlive/2022/texmf-dist/tex/latex/amsmath/amstext.sty
Package: amstext 2021/08/26 v2.01 AMS text
 (/usr/local/texlive/2022/texmf-dist/tex/latex/amsmath/amsgen.sty
File: amsgen.sty 1999/11/30 v2.0 generic functions
\@emptytoks=\toks20
\ex@=\dimen153
)) (/usr/local/texlive/2022/texmf-dist/tex/latex/amsmath/amsbsy.sty
Package: amsbsy 1999/11/29 v1.2d Bold Symbols
\pmbraise@=\dimen154
) (/usr/local/texlive/2022/texmf-dist/tex/latex/amsmath/amsopn.sty
Package: amsopn 2021/08/26 v2.02 operator names
)
\inf@bad=\count197
LaTeX Info: Redefining \frac on input line 234.
\uproot@=\count198
\leftroot@=\count199
LaTeX Info: Redefining \overline on input line 399.
\classnum@=\count266
\DOTSCASE@=\count267
LaTeX Info: Redefining \ldots on input line 496.
LaTeX Info: Redefining \dots on input line 499.
LaTeX Info: Redefining \cdots on input line 620.
\Mathstrutbox@=\box50
\strutbox@=\box51
\big@size=\dimen155
LaTeX Font Info:    Redeclaring font encoding OML on input line 743.
LaTeX Font Info:    Redeclaring font encoding OMS on input line 744.
\macc@depth=\count268
\c@MaxMatrixCols=\count269
\dotsspace@=\muskip16
\c@parentequation=\count270
\dspbrk@lvl=\count271
\tag@help=\toks21
\row@=\count272
\column@=\count273
\maxfields@=\count274
\andhelp@=\toks22
\eqnshift@=\dimen156
\alignsep@=\dimen157
\tagshift@=\dimen158
\tagwidth@=\dimen159
\totwidth@=\dimen160
\lineht@=\dimen161
\@envbody=\toks23
\multlinegap=\skip51
\multlinetaggap=\skip52
\mathdisplay@stack=\toks24
LaTeX Info: Redefining \[ on input line 2938.
LaTeX Info: Redefining \] on input line 2939.
) (/usr/local/texlive/2022/texmf-dist/tex/latex/amsfonts/amssymb.sty
Package: amssymb 2013/01/14 v3.01 AMS font symbols
 (/usr/local/texlive/2022/texmf-dist/tex/latex/amsfonts/amsfonts.sty
Package: amsfonts 2013/01/14 v3.01 Basic AMSFonts support
\symAMSa=\mathgroup4
\symAMSb=\mathgroup5
LaTeX Font Info:    Redeclaring math symbol \hbar on input line 98.
LaTeX Font Info:    Overwriting math alphabet `\mathfrak' in version `bold'
(Font)                  U/euf/m/n --> U/euf/b/n on input line 106.
)) (/usr/local/texlive/2022/texmf-dist/tex/latex/enumitem/enumitem.sty
Package: enumitem 2019/06/20 v3.9 Customized lists
\labelindent=\skip53
\enit@outerparindent=\dimen162
\enit@toks=\toks25
\enit@inbox=\box52
\enit@count@id=\count275
\enitdp@description=\count276
) (/usr/local/texlive/2022/texmf-dist/tex/latex/listings/listings.sty
\lst@mode=\count277
\lst@gtempboxa=\box53
\lst@token=\toks26
\lst@length=\count278
\lst@currlwidth=\dimen163
\lst@column=\count279
\lst@pos=\count280
\lst@lostspace=\dimen164
\lst@width=\dimen165
\lst@newlines=\count281
\lst@lineno=\count282
\lst@maxwidth=\dimen166
 (/usr/local/texlive/2022/texmf-dist/tex/latex/listings/lstmisc.sty
File: lstmisc.sty 2020/03/24 1.8d (Carsten Heinz)
\c@lstnumber=\count283
\lst@skipnumbers=\count284
\lst@framebox=\box54
) (/usr/local/texlive/2022/texmf-dist/tex/latex/listings/listings.cfg
File: listings.cfg 2020/03/24 1.8d listings configuration
))
Package: listings 2020/03/24 1.8d (Carsten Heinz)
 (/usr/local/texlive/2022/texmf-dist/tex/latex/subfigure/subfigure.sty
Package: subfigure 2002/03/15 v2.1.5 subfigure package
\subfigtopskip=\skip54
\subfigcapskip=\skip55
\subfigcaptopadj=\dimen167
\subfigbottomskip=\skip56
\subfigcapmargin=\dimen168
\subfiglabelskip=\skip57
\c@subfigure=\count285
\c@lofdepth=\count286
\c@subtable=\count287
\c@lotdepth=\count288

****************************************
* Local config file subfigure.cfg used *
****************************************
(/usr/local/texlive/2022/texmf-dist/tex/latex/subfigure/subfigure.cfg)
\subfig@top=\skip58
\subfig@bottom=\skip59
) (/usr/local/texlive/2022/texmf-dist/tex/latex/upquote/upquote.sty
Package: upquote 2012/04/19 v1.3 upright-quote and grave-accent glyphs in verbatim
) (/usr/local/texlive/2022/texmf-dist/tex/latex/l3backend/l3backend-pdftex.def
File: l3backend-pdftex.def 2022-02-07 L3 backend support: PDF output (pdfTeX)
\l__color_backend_stack_int=\count289
\l__pdf_internal_box=\box55
) (./sfevictions.aux)
\openout1 = `sfevictions.aux'.

LaTeX Font Info:    Checking defaults for OML/cmm/m/it on input line 69.
LaTeX Font Info:    ... okay on input line 69.
LaTeX Font Info:    Checking defaults for OMS/cmsy/m/n on input line 69.
LaTeX Font Info:    ... okay on input line 69.
LaTeX Font Info:    Checking defaults for OT1/cmr/m/n on input line 69.
LaTeX Font Info:    ... okay on input line 69.
LaTeX Font Info:    Checking defaults for T1/cmr/m/n on input line 69.
LaTeX Font Info:    ... okay on input line 69.
LaTeX Font Info:    Checking defaults for TS1/cmr/m/n on input line 69.
LaTeX Font Info:    ... okay on input line 69.
LaTeX Font Info:    Checking defaults for OMX/cmex/m/n on input line 69.
LaTeX Font Info:    ... okay on input line 69.
LaTeX Font Info:    Checking defaults for U/cmr/m/n on input line 69.
LaTeX Font Info:    ... okay on input line 69.
 (/usr/local/texlive/2022/texmf-dist/tex/context/base/mkii/supp-pdf.mkii
[Loading MPS to PDF converter (version 2006.09.02).]
\scratchcounter=\count290
\scratchdimen=\dimen169
\scratchbox=\box56
\nofMPsegments=\count291
\nofMParguments=\count292
\everyMPshowfont=\toks27
\MPscratchCnt=\count293
\MPscratchDim=\dimen170
\MPnumerator=\count294
\makeMPintoPDFobject=\count295
\everyMPtoPDFconversion=\toks28
) (/usr/local/texlive/2022/texmf-dist/tex/latex/epstopdf-pkg/epstopdf-base.sty
Package: epstopdf-base 2020-01-24 v2.11 Base part for package epstopdf
Package epstopdf-base Info: Redefining graphics rule for `.eps' on input line 485.
 (/usr/local/texlive/2022/texmf-dist/tex/latex/latexconfig/epstopdf-sys.cfg
File: epstopdf-sys.cfg 2010/07/13 v1.3 Configuration of (r)epstopdf for TeX Live
))
*geometry* driver: auto-detecting
*geometry* detected driver: pdftex
*geometry* verbose mode - [ preamble ] result:
* driver: pdftex
* paper: <default>
* layout: <same size as paper>
* layoutoffset:(h,v)=(0.0pt,0.0pt)
* modes: 
* h-part:(L,W,R)=(54.2025pt, 505.89pt, 54.2025pt)
* v-part:(T,H,B)=(54.2025pt, 686.56499pt, 54.2025pt)
* \paperwidth=614.295pt
* \paperheight=794.96999pt
* \textwidth=505.89pt
* \textheight=686.56499pt
* \oddsidemargin=-18.06749pt
* \evensidemargin=-18.06749pt
* \topmargin=-55.06749pt
* \headheight=12.0pt
* \headsep=25.0pt
* \topskip=10.0pt
* \footskip=30.0pt
* \marginparwidth=65.0pt
* \marginparsep=11.0pt
* \columnsep=10.0pt
* \skip\footins=9.0pt plus 4.0pt minus 2.0pt
* \hoffset=0.0pt
* \voffset=0.0pt
* \mag=1000
* \@twocolumnfalse
* \@twosidefalse
* \@mparswitchfalse
* \@reversemarginfalse
* (1in=72.27pt=25.4mm, 1cm=28.453pt)

(/usr/local/texlive/2022/texmf-dist/tex/latex/base/textcomp.sty
Package: textcomp 2020/02/02 v2.0n Standard LaTeX package
)
\c@lstlisting=\count296
LaTeX Font Info:    Trying to load font information for U+msa on input line 72.
 (/usr/local/texlive/2022/texmf-dist/tex/latex/amsfonts/umsa.fd
File: umsa.fd 2013/01/14 v3.01 AMS symbols A
)
LaTeX Font Info:    Trying to load font information for U+msb on input line 72.
 (/usr/local/texlive/2022/texmf-dist/tex/latex/amsfonts/umsb.fd
File: umsb.fd 2013/01/14 v3.01 AMS symbols B
)
<images/eviction_notices_by_year/1997.png, id=1, 757.6305pt x 723.6636pt>
File: images/eviction_notices_by_year/1997.png Graphic file (type png)
<use images/eviction_notices_by_year/1997.png>
Package pdftex.def Info: images/eviction_notices_by_year/1997.png  used on input line 84.
(pdftex.def)             Requested size: 151.76854pt x 144.96204pt.
<images/eviction_notices_by_year/1998.png, id=2, 757.6305pt x 723.6636pt>
File: images/eviction_notices_by_year/1998.png Graphic file (type png)
<use images/eviction_notices_by_year/1998.png>
Package pdftex.def Info: images/eviction_notices_by_year/1998.png  used on input line 85.
(pdftex.def)             Requested size: 151.76854pt x 144.96204pt.
<images/eviction_notices_by_year/1999.png, id=3, 757.6305pt x 723.6636pt>
File: images/eviction_notices_by_year/1999.png Graphic file (type png)
<use images/eviction_notices_by_year/1999.png>
Package pdftex.def Info: images/eviction_notices_by_year/1999.png  used on input line 86.
(pdftex.def)             Requested size: 151.76854pt x 144.96204pt.
<images/eviction_notices_by_year/2000.png, id=4, 757.6305pt x 723.6636pt>
File: images/eviction_notices_by_year/2000.png Graphic file (type png)
<use images/eviction_notices_by_year/2000.png>
Package pdftex.def Info: images/eviction_notices_by_year/2000.png  used on input line 87.
(pdftex.def)             Requested size: 151.76854pt x 144.96204pt.
<images/eviction_notices_by_year/2001.png, id=5, 757.6305pt x 723.6636pt>
File: images/eviction_notices_by_year/2001.png Graphic file (type png)
<use images/eviction_notices_by_year/2001.png>
Package pdftex.def Info: images/eviction_notices_by_year/2001.png  used on input line 88.
(pdftex.def)             Requested size: 151.76854pt x 144.96204pt.
<images/eviction_notices_by_year/2002.png, id=6, 757.6305pt x 723.6636pt>
File: images/eviction_notices_by_year/2002.png Graphic file (type png)
<use images/eviction_notices_by_year/2002.png>
Package pdftex.def Info: images/eviction_notices_by_year/2002.png  used on input line 89.
(pdftex.def)             Requested size: 151.76854pt x 144.96204pt.
<images/eviction_notices_by_year/2003.png, id=7, 757.6305pt x 723.6636pt>
File: images/eviction_notices_by_year/2003.png Graphic file (type png)
<use images/eviction_notices_by_year/2003.png>
Package pdftex.def Info: images/eviction_notices_by_year/2003.png  used on input line 90.
(pdftex.def)             Requested size: 151.76854pt x 144.96204pt.
<images/eviction_notices_by_year/2004.png, id=8, 757.6305pt x 723.6636pt>
File: images/eviction_notices_by_year/2004.png Graphic file (type png)
<use images/eviction_notices_by_year/2004.png>
Package pdftex.def Info: images/eviction_notices_by_year/2004.png  used on input line 91.
(pdftex.def)             Requested size: 151.76854pt x 144.96204pt.
<images/eviction_notices_by_year/2005.png, id=9, 757.6305pt x 723.6636pt>
File: images/eviction_notices_by_year/2005.png Graphic file (type png)
<use images/eviction_notices_by_year/2005.png>
Package pdftex.def Info: images/eviction_notices_by_year/2005.png  used on input line 92.
(pdftex.def)             Requested size: 151.76854pt x 144.96204pt.
<images/eviction_notices_by_year/2018.png, id=10, 757.6305pt x 723.6636pt>
File: images/eviction_notices_by_year/2018.png Graphic file (type png)
<use images/eviction_notices_by_year/2018.png>
Package pdftex.def Info: images/eviction_notices_by_year/2018.png  used on input line 93.
(pdftex.def)             Requested size: 151.76854pt x 144.96204pt.
<images/eviction_notices_by_year/2019.png, id=11, 757.6305pt x 723.6636pt>
File: images/eviction_notices_by_year/2019.png Graphic file (type png)
<use images/eviction_notices_by_year/2019.png>
Package pdftex.def Info: images/eviction_notices_by_year/2019.png  used on input line 94.
(pdftex.def)             Requested size: 151.76854pt x 144.96204pt.
<images/eviction_notices_by_year/2020.png, id=12, 757.6305pt x 723.6636pt>
File: images/eviction_notices_by_year/2020.png Graphic file (type png)
<use images/eviction_notices_by_year/2020.png>
Package pdftex.def Info: images/eviction_notices_by_year/2020.png  used on input line 95.
(pdftex.def)             Requested size: 151.76854pt x 144.96204pt.
 [1

{/usr/local/texlive/2022/texmf-var/fonts/map/pdftex/updmap/pdftex.map}] [2 <./images/eviction_notices_by_year/1997.png> <./images/eviction_notices_by_year/1998.png> <./images/eviction_notices_by_year/1999.png> <./images/eviction_notices_by_year/2000.png> <./images/eviction_notices_by_year/2001.png> <./images/eviction_notices_by_year/2002.png> <./images/eviction_notices_by_year/2003.png> <./images/eviction_notices_by_year/2004.png> <./images/eviction_notices_by_year/2005.png> <./images/eviction_notices_by_year/2018.png> <./images/eviction_notices_by_year/2019.png> <./images/eviction_notices_by_year/2020.png>]

Package amsmath Warning: Foreign command \atopwithdelims;
(amsmath)                \frac or \genfrac should be used instead
(amsmath)                 on input line 150.

[3]
LaTeX Font Info:    Font shape `OT1/cmtt/bx/n' in size <10> not available
(Font)              Font shape `OT1/cmtt/m/n' tried instead on input line 158.
LaTeX Font Info:    Trying to load font information for OMS+cmtt on input line 158.
LaTeX Font Info:    No file OMScmtt.fd. on input line 158.


LaTeX Font Warning: Font shape `OMS/cmtt/m/n' undefined
(Font)              using `OMS/cmsy/m/n' instead
(Font)              for symbol `textbraceleft' on input line 158.

[4]
</Users/brianliu03/Documents/Stats2023/data-project/images/counts_tp_prop_ev.png, id=42, 1547.7825pt x 1443.3925pt>
File: /Users/brianliu03/Documents/Stats2023/data-project/images/counts_tp_prop_ev.png Graphic file (type png)
<use /Users/brianliu03/Documents/Stats2023/data-project/images/counts_tp_prop_ev.png>
Package pdftex.def Info: /Users/brianliu03/Documents/Stats2023/data-project/images/counts_tp_prop_ev.png  used on input line 183.
(pdftex.def)             Requested size: 505.89pt x 471.76196pt.
 [5 </Users/brianliu03/Documents/Stats2023/data-project/images/counts_tp_prop_ev.png>]
Overfull \vbox (1.39334pt too high) detected at line 256
 []

[6]
</Users/brianliu03/Documents/Stats2023/data-project/test.jpg, id=51, 5374.0775pt x 5011.72375pt>
File: /Users/brianliu03/Documents/Stats2023/data-project/test.jpg Graphic file (type jpg)
<use /Users/brianliu03/Documents/Stats2023/data-project/test.jpg>
Package pdftex.def Info: /Users/brianliu03/Documents/Stats2023/data-project/test.jpg  used on input line 263.
(pdftex.def)             Requested size: 404.71353pt x 377.39252pt.
 [7 </Users/brianliu03/Documents/Stats2023/data-project/test.jpg>]
</Users/brianliu03/Documents/Stats2023/data-project/images/signed_z_scores_tp.png, id=57, 1547.7825pt x 1443.3925pt>
File: /Users/brianliu03/Documents/Stats2023/data-project/images/signed_z_scores_tp.png Graphic file (type png)
<use /Users/brianliu03/Documents/Stats2023/data-project/images/signed_z_scores_tp.png>
Package pdftex.def Info: /Users/brianliu03/Documents/Stats2023/data-project/images/signed_z_scores_tp.png  used on input line 305.
(pdftex.def)             Requested size: 354.12144pt x 330.23337pt.
</Users/brianliu03/Documents/Stats2023/data-project/images/signed_z_scores_et.png, id=58, 1547.7825pt x 1443.3925pt>
File: /Users/brianliu03/Documents/Stats2023/data-project/images/signed_z_scores_et.png Graphic file (type png)
<use /Users/brianliu03/Documents/Stats2023/data-project/images/signed_z_scores_et.png>
Package pdftex.def Info: /Users/brianliu03/Documents/Stats2023/data-project/images/signed_z_scores_et.png  used on input line 306.
(pdftex.def)             Requested size: 354.12144pt x 330.23337pt.


LaTeX Warning: Float too large for page by 32.79063pt on input line 308.

[8] [9 </Users/brianliu03/Documents/Stats2023/data-project/images/signed_z_scores_tp.png> </Users/brianliu03/Documents/Stats2023/data-project/images/signed_z_scores_et.png>]
Overfull \hbox (9.2872pt too wide) in paragraph at lines 349--350
\OT1/cmr/m/it/10 https://cdn2.hubspot.net/hubfs/4408380/PDF/Eviction-Reports-Articles-Cities-States/eviction-sf-decline-tec.pdf 
 []


Overfull \hbox (31.63669pt too wide) in paragraph at lines 350--351
[]\OT1/cmr/m/n/10 Tracy, A Decade of Dis-place-ment. Re-trieved from \OT1/cmr/m/it/10 https://www.foundsf.org/index.php?title=A[]Decade[]of[]Displacement 
 []

[10] (./sfevictions.aux)

LaTeX Font Warning: Some font shapes were not available, defaults substituted.

 ) 
Here is how much of TeX's memory you used:
 6512 strings out of 478268
 101769 string characters out of 5846347
 411714 words of memory out of 5000000
 24620 multiletter control sequences out of 15000+600000
 477496 words of font info for 61 fonts, out of 8000000 for 9000
 1141 hyphenation exceptions out of 8191
 55i,10n,62p,863b,295s stack positions out of 10000i,1000n,20000p,200000b,200000s
</usr/local/texlive/2022/texmf-dist/fonts/type1/public/amsfonts/cm/cmbx12.pfb></usr/local/texlive/2022/texmf-dist/fonts/type1/public/amsfonts/cm/cmex10.pfb></usr/local/texlive/2022/texmf-dist/fonts/type1/public/amsfonts/cm/cmitt10.pfb></usr/local/texlive/2022/texmf-dist/fonts/type1/public/amsfonts/cm/cmmi10.pfb></usr/local/texlive/2022/texmf-dist/fonts/type1/public/amsfonts/cm/cmmi12.pfb></usr/local/texlive/2022/texmf-dist/fonts/type1/public/amsfonts/cm/cmmi5.pfb></usr/local/texlive/2022/texmf-dist/fonts/type1/public/amsfonts/cm/cmmi7.pfb></usr/local/texlive/2022/texmf-dist/fonts/type1/public/amsfonts/cm/cmr10.pfb></usr/local/texlive/2022/texmf-dist/fonts/type1/public/amsfonts/cm/cmr12.pfb></usr/local/texlive/2022/texmf-dist/fonts/type1/public/amsfonts/cm/cmr17.pfb></usr/local/texlive/2022/texmf-dist/fonts/type1/public/amsfonts/cm/cmr7.pfb></usr/local/texlive/2022/texmf-dist/fonts/type1/public/amsfonts/cm/cmr8.pfb></usr/local/texlive/2022/texmf-dist/fonts/type1/public/amsfonts/cm/cmsy10.pfb></usr/local/texlive/2022/texmf-dist/fonts/type1/public/amsfonts/cm/cmsy7.pfb></usr/local/texlive/2022/texmf-dist/fonts/type1/public/amsfonts/cm/cmti10.pfb></usr/local/texlive/2022/texmf-dist/fonts/type1/public/amsfonts/cm/cmtt10.pfb>
Output written on sfevictions.pdf (10 pages, 28015720 bytes).
PDF statistics:
 137 PDF objects out of 1000 (max. 8388607)
 73 compressed objects within 1 object stream
 0 named destinations out of 1000 (max. 500000)
 81 words of extra memory for PDF output out of 10000 (max. 10000000)

